<?xml version="1.0" encoding="UTF-8"?>
<!-- Generated by org.testng.reporters.JUnitReportReporter -->
<testsuite skipped="0" hostname="lenovo" name="com.egis.interfacetesting.ccd.SearchByPersonTests" tests="4" failures="0" timestamp="01 Apr 2019 07:25:47 GMT" time="4.028" errors="0">
  <testcase name="WhenSearchingByProvidingInValidFirstName" time="0.094" classname="com.egis.interfacetesting.ccd.SearchByPersonTests"/>
  <testcase name="WhenSearchingByProvidingInValidNumber" time="0.106" classname="com.egis.interfacetesting.ccd.SearchByPersonTests"/>
  <testcase name="WhenSearchingByProvidingAValidNameAndDOB" time="3.569" classname="com.egis.interfacetesting.ccd.SearchByPersonTests"/>
  <testcase name="WhenSearchingByProvidingAValidNumber" time="0.259" classname="com.egis.interfacetesting.ccd.SearchByPersonTests"/>
</testsuite> <!-- com.egis.interfacetesting.ccd.SearchByPersonTests -->
